         w __deregister_frame_info
         w __register_frame_info
         w _ITM_deregisterTMCloneTable
         w _ITM_registerTMCloneTable
         w _Jv_RegisterClasses
00000000 b .LANCHOR1
00000000 b _TLS_MODULE_BASE_
00000000 a shift
00000000 a shift
00000000 00002000 b tmp_buffer.6528
00001ff8 b .LANCHOR2
00002000 00000401 b __fixedpath
00002404 00000802 b __utf16path
00002c08 00000802 b __utf16path_old.6599
00100000 T __start__
00100000 T _start
00100008 T __service_ptr
0010000c T __apt_appid
00100010 T __heap_size
00100014 T __linear_heap_size
00100018 T __system_arglist
0010001c T __system_runflags
00100020 t startup
00100058 t ClearMem
0010006c t ClrLoop
00100094 T _init
001000ac t deregister_tm_clones
001000dc t register_tm_clones
00100114 t __do_global_dtors_aux
00100158 t frame_dummy
001001b4 T initSystem
001001f8 T __ctru_exit
00100218 t .udivsi3_skip_div0_test
00100218 T __aeabi_uidiv
00100218 000001ec T __udivsi3
00100404 00000020 T __aeabi_uidivmod
00100424 T __aeabi_idiv
00100424 00000220 T __divsi3
0010042c t .divsi3_skip_div0_test
00100644 00000020 T __aeabi_idivmod
00100664 00000004 W __aeabi_idiv0
00100664 00000004 W __aeabi_ldiv0
00100688 00000390 T strcmp
00100a20 00000008 t null_write
00100a28 00000018 T setDefaultDevice
00100a40 000000bc T FindDevice
00100afc 0000002c T RemoveDevice
00100b28 00000098 T AddDevice
00100bc0 00000024 T GetDeviceOpTab
00100be4 0000007c T _close_r
00100c60 0000006c T _fstat_r
00100ccc 00000008 T _isatty_r
00100cd4 00000078 T _lseek_r
00100d4c 000000c8 T _open_r
00100e14 00000078 T _read_r
00100e8c 00000070 T _sbrk_r
00100efc 00000078 T _write_r
00100f74 000001bc T _concatenate_path
00101130 00000154 T chdir
00101284 000000a0 T getcwd
00101324 00000008 T __flockfile
0010132c 00000008 T __funlockfile
00101334 00000018 T __libc_lock_init
0010134c 00000018 T __libc_lock_acquire
00101364 00000024 T __libc_lock_try_acquire
00101388 00000018 T __libc_lock_release
001013a0 00000018 T __libc_lock_close
001013b8 00000018 T __libc_lock_init_recursive
001013d0 00000018 T __libc_lock_acquire_recursive
001013e8 00000024 T __libc_lock_try_acquire_recursive
0010140c 00000018 T __libc_lock_release_recursive
00101424 00000018 T __libc_lock_close_recursive
0010143c 00000044 T __free_handle
00101480 0000003c T __release_handle
001014bc 00000078 T __alloc_handle
00101534 0000001c T __get_handle
00101550 000000a4 T dup
001015f4 0000010c T dup2
00101700 00000060 t __dirnext
00101760 0000004c t __dirreset
001017ac 000000f0 T opendir
0010189c 0000008c T closedir
00101928 000000e0 T readdir
00101a08 000000cc T readdir_r
00101ad4 00000024 T rewinddir
00101af8 00000090 T seekdir
00101b88 00000010 T telldir
00101b98 00000028 T __getreent
00101bc0 T __aeabi_uldivmod
00101bfc 00000128 T __udivmoddi4
00101d24 00000460 T main
00102184 00000044 T mips_cpu_create
001021c8 00000014 T mips_cpu_get_register
001021dc 00000020 T mips_cpu_set_register
001021fc 00000010 T mips_cpu_get_pc
0010220c 00000de0 T mips_cpu_step
00102fec 00000018 T mips_cpu_advance_pc
00103004 00000024 T mips_cpu_to_big
00103028 00000020 T mips_cpu_to_buffer
00103048 0000005c T mips_cpu_f_add
001030a4 00000008 T mips_cpu_f_addu
001030ac 00000058 T mips_cpu_f_sub
00103104 00000008 T mips_cpu_f_subu
0010310c 00000008 T mips_cpu_f_and
00103114 00000008 T mips_cpu_f_or
0010311c 00000008 T mips_cpu_f_xor
00103124 00000010 T mips_cpu_f_slt
00103134 00000010 T mips_cpu_f_sltu
00103144 00000008 T mips_cpu_f_sll
0010314c 00000008 T mips_cpu_f_srl
00103154 00000040 T mips_cpu_f_sra
00103194 0000001c T mips_cpu_f_multu
001031b0 0000001c T mips_cpu_f_mult
001031cc 00000058 T mips_cpu_f_divu
00103224 00000034 T mips_cpu_f_div
00103258 00000030 T mips_cpu_f_branch
00103288 00000044 T mips_cpu_f_branchAndLink
001032cc 00000054 T mips_mem_create_ram
00103320 000000b0 T mips_mem_read
001033d0 000000b0 T mips_mem_write
00103480 0000001c T debug_write
0010349c 000001ac T consoleDrawChar
00103648 00000128 T consolePrintChar
00103770 00000184 t consoleCls
001038f4 000000f8 T consoleInit
001039ec 00000138 t consoleClearLine
00103b24 000000c0 t newRow
00103be4 0000086c T con_write
00104450 0000008c t gfxSetFramebufferInfo.part.0
001044dc 00000018 T gfxSetScreenFormat
001044f4 00000014 T gfxSetDoubleBuffering
00104508 00000070 T gfxSetFramebufferInfo
00104578 00000088 T gfxWriteFramebufferInfo
00104600 000001d0 T gfxInit
001047d0 00000010 T gfxInitDefault
001047e0 000000e0 T gfxExit
001048c0 000000b0 T gfxGetFramebuffer
00104970 000000cc T gfxFlushBuffers
00104a3c 00000070 T gfxConfigScreen
00104aac 00000020 T gfxSwapBuffersGpu
00104acc 0000005c T romfsExit
00104b28 00000068 t __apt_initservicehandle
00104b90 00000004 W _aptDebug
00104b94 00000098 T aptInitCaptureInfo
00104c2c 00000028 T aptWaitStatusEvent
00104c54 00000060 T aptGetMenuAppID
00104cb4 0000006c T aptSetStatus
00104d20 00000048 T APT_GetLockHandle
00104d68 00000060 T APT_Initialize
00104dc8 00000034 T APT_Finalize
00104dfc 00000048 T APT_InquireNotification
00104e44 0000002c T APT_PrepareToJumpToHomeMenu
00104e70 00000050 T APT_JumpToHomeMenu
00104ec0 00000034 T APT_PrepareToJumpToApplication
00104ef4 00000050 T APT_JumpToApplication
00104f44 00000034 T APT_NotifyToWait
00104f78 0000007c T APT_AppletUtility
00104ff4 00000188 T aptAppletUtility_Exit_RetToApp
0010517c 0000003c T aptAppletClosed
001051b8 00000114 t aptAppStarted
001052cc 00000298 T aptInit
00105564 0000006c T APT_ReceiveParameter
001055d0 00000064 T APT_SendParameter
00105634 00000044 T APT_SendCaptureBufferInfo
00105678 00000264 T aptReturnToMenu
001058dc 00000038 T APT_ReplySleepQuery
00105914 00000034 T APT_ReplySleepNotificationComplete
00105948 000003f4 T aptEventHandler
00105d3c 00000034 T APT_PrepareToCloseApplication
00105d70 00000050 T APT_CloseApplication
00105dc0 000002d0 T aptExit
00106090 0000006c T APT_CheckNew3DS_System
001060fc 0000008c T APT_CheckNew3DS
00106188 00000054 T APT_StartLibraryApplet
001061dc 00000174 T aptAppletStarted
00106350 000001a4 T aptMainLoop
001064f4 000000c8 T fsInit
001065bc 00000034 T fsExit
001065f0 000000dc T FSUSER_OpenFile
001066cc 000000b8 T FSUSER_DeleteFile
00106784 000000f4 T FSUSER_RenameFile
00106878 000000b8 T FSUSER_DeleteDirectory
00106930 000000d0 T FSUSER_CreateFile
00106a00 000000c0 T FSUSER_CreateDirectory
00106ac0 000000f4 T FSUSER_RenameDirectory
00106bb4 000000c4 T FSUSER_OpenDirectory
00106c78 000000bc T FSUSER_OpenArchive
00106d34 00000088 T FSUSER_CloseArchive
00106dbc 0000008c T FSUSER_GetSdmcArchiveResource
00106e48 00000064 T FSUSER_IsSdmcWritable
00106eac 0000005c T FSFILE_Read
00106f08 00000064 T FSFILE_Write
00106f6c 0000003c T FSFILE_GetSize
00106fa8 0000002c T FSFILE_SetSize
00106fd4 0000003c T FSFILE_Close
00107010 00000024 T FSFILE_Flush
00107034 00000054 T FSDIR_Read
00107088 0000003c T FSDIR_Close
001070c4 00000124 t gspEventThreadMain
001071e8 00000074 T gspInit
0010725c 0000003c T gspExit
00107298 000000d0 T gspInitEventHandler
00107368 0000005c T gspExitEventHandler
001073c4 00000058 T gspWaitForEvent
0010741c 0000006c T GSPGPU_SetBufferSwap
00107488 0000004c T GSPGPU_FlushDataCache
001074d4 00000034 T GSPGPU_SetLcdForceBlack
00107508 00000064 T GSPGPU_RegisterInterruptRelayQueue
0010756c 0000002c T GSPGPU_UnregisterInterruptRelayQueue
00107598 00000048 T GSPGPU_AcquireRight
001075e0 0000002c T GSPGPU_ReleaseRight
0010760c 00000080 T GSPGPU_ImportDisplayCaptureInfo
0010768c 0000002c T GSPGPU_SaveVramSysArea
001076b8 0000002c T GSPGPU_RestoreVramSysArea
001076e4 000000d8 T hidExit
001077bc 00000238 T hidScanInput
001079f4 00000010 T hidKeysDown
00107a04 00000090 T HIDUSER_GetHandles
00107a94 00000184 T hidInit
00107c18 000000b0 T irrstScanInput
00107cc8 0000001c T irrstKeysHeld
00107ce4 00000050 T IRRST_GetHandles
00107d34 00000148 T irrstInit
00107e7c 0000002c T IRRST_Shutdown
00107ea8 000000b0 T irrstExit
00107f58 000000bc T utf8_to_utf16
00108014 000000f4 T __system_initArgv
00108108 00000038 W __libctru_init
00108140 00000030 t __ctru_get_reent
00108170 000000e8 T __system_initSyscalls
00108258 T svcControlMemory
00108278 T svcExitProcess
00108280 T svcCreateThread
001082a0 T svcExitThread
001082a8 T svcCreateEvent
001082bc T svcSignalEvent
001082c4 T svcClearEvent
001082cc T svcMapMemoryBlock
001082d4 T svcUnmapMemoryBlock
001082dc T svcCreateAddressArbiter
001082f0 T svcArbitrateAddress
00108308 T svcCloseHandle
00108310 T svcWaitSynchronization
00108318 T svcWaitSynchronizationN
00108340 T svcDuplicateHandle
00108354 T svcGetSystemTick
0010835c T svcGetSystemInfo
00108374 T svcConnectToPort
00108388 T svcSendSyncRequest
00108390 T svcBreak
00108398 T svcOutputDebugString
001083a0 00000024 t addrMapNodeComparator(rbtree_node const*, rbtree_node const*)
001083c4 00000004 t addrMapNodeDestructor(rbtree_node*)
001083c8 00000140 T linearMemAlign
00108508 00000008 T linearAlloc
00108510 00000050 T linearFree
00108560 00000024 t addrMapNodeComparator(rbtree_node const*, rbtree_node const*)
00108584 00000004 t addrMapNodeDestructor(rbtree_node*)
00108588 000000f4 T mappableAlloc
0010867c 00000050 T mappableFree
001086cc 000000a0 T MemPool::CoalesceRight(MemBlock*)
0010876c 0000018c T MemPool::Allocate(MemChunk&, unsigned long, int)
001088f8 00000104 T MemPool::Deallocate(MemChunk const&)
001089fc 00000024 t addrMapNodeComparator(rbtree_node const*, rbtree_node const*)
00108a20 00000004 t addrMapNodeDestructor(rbtree_node*)
00108a24 00000130 T vramMemAlign
00108b54 00000008 T vramAlloc
00108b5c 00000050 T vramFree
00108bac 00000094 T envGetHandle
00108c40 0000004c T envDestroyHandles
00108c8c 00000058 t getSysTime
00108ce4 00000024 T osGetMemRegionUsed
00108d08 000000f4 T __libctru_gtod
00108e00 00000034 T __ctru_speedup_config
00108e34 00000050 T srvExit
00108e84 00000038 T srvRegisterClient
00108ebc 00000070 T srvInit
00108f2c 00000068 T srvGetServiceHandleDirect
00108f94 00000038 T srvGetServiceHandle
00108fcc 00000034 t LightLock_Unlock.part.1
00109000 0000000c T __sync_init
0010900c 00000018 T __sync_fini
00109024 00000018 T LightLock_Init
0010903c 00000094 T LightLock_Lock
001090d0 00000034 T LightLock_TryLock
00109104 00000020 T LightLock_Unlock
00109124 00000024 T RecursiveLock_Init
00109148 00000030 T RecursiveLock_Lock
00109178 00000058 T RecursiveLock_TryLock
001091d0 00000038 T RecursiveLock_Unlock
00109208 000001c8 T threadCreate
001093d0 00000024 T threadJoin
001093f4 0000006c T threadExit
00109460 0000003c t _thread_begin
0010949c 00000070 T ptmSysmInit
0010950c 00000034 T ptmSysmExit
00109540 00000034 T PTMSYSM_ConfigureNew3DSCPU
00109574 00000070 T rbtree_find
001095e4 00000014 T rbtree_init
001095f8 000001d4 t do_insert
001097cc 00000008 T rbtree_insert
001097d4 0000035c T rbtree_remove
00109b30 000000ac T rbtree_rotate
00109bdc 00000138 T decode_utf8
00109d14 00000068 T encode_utf16
00109d7c 00000058 t osGetMemRegionSize
00109dd4 00000124 W __system_allocateHeaps
00109ef8 0000001c W __appExit
00109f14 0000001c W __appInit
00109f30 000000a4 W __libctru_exit
00109fd4 00000010 t sdmc_link
00109fe4 00000010 t sdmc_dirreset
00109ff4 00000010 t sdmc_chmod
0010a004 00000010 t sdmc_fchmod
0010a014 00000024 t error_cmp
0010a038 00000050 t sdmc_translate_error
0010a088 00000034 t sdmc_fsync
0010a0bc 00000054 t sdmc_ftruncate
0010a110 000000ac t sdmc_statvfs
0010a1bc 00000038 t sdmc_dirclose
0010a1f4 000000e0 t sdmc_dirnext
0010a2d4 00000034 t sdmc_close
0010a308 00000074 t sdmc_fstat
0010a37c 000000c0 t sdmc_seek
0010a43c 0000008c t sdmc_read
0010a4c8 00000108 t sdmc_write
0010a5d0 000001b4 t sdmc_utf16path
0010a784 00000080 t sdmc_rmdir
0010a804 0000009c t sdmc_diropen
0010a8a0 000000a8 t sdmc_chdir
0010a948 00000084 t sdmc_mkdir
0010a9cc 00000138 t sdmc_rename
0010ab04 00000080 t sdmc_unlink
0010ab84 00000120 t sdmc_stat
0010aca4 000001ac t sdmc_open
0010ae50 00000134 T sdmcInit
0010af84 00000050 T sdmcExit
0010afd4 0000008c T rbtree_node_next
0010b060 000000e4 T utf16_to_utf8
0010b144 T __aeabi_read_tp
0010b150 00000060 T decode_utf16
0010b1b0 00000104 T encode_utf8
0010b2b4 00000078 T bsearch
0010b32c 00000120 T _fclose_r
0010b44c 00000018 T fclose
0010b464 00000230 T __sflush_r
0010b694 00000090 T _fflush_r
0010b724 00000038 T fflush
0010b75c 0000000c T _cleanup_r
0010b768 00000080 t std.isra.0
0010b7e8 00000048 T __sfmoreglue
0010b830 0000008c T __sinit
0010b8bc 0000011c T __sfp
0010b9d8 0000000c T __sfp_lock_acquire
0010b9e4 0000000c T __sfp_lock_release
0010b9f0 0000003c T __libc_fini_array
0010ba2c 0000013c T _fopen_r
0010bb68 00000020 T fopen
0010bb88 0000003c T fprintf
0010bbc4 000002ec T _fread_r
0010beb0 00000038 T fread
0010bee8 000000f8 T _malloc_trim_r
0010bfe0 000002e4 T _free_r
0010c2c4 00000004 T _fseek_r
0010c2c8 000004f8 T _fseeko_r
0010c7c0 00000078 T _fwalk
0010c838 00000080 T _fwalk_reent
0010c8b8 00000118 T _fwrite_r
0010c9d0 00000038 T fwrite
0010ca08 00000078 T __libc_init_array
0010ca80 00000038 T iprintf
0010cab8 00000160 T __smakebuf_r
0010cc18 00000020 T memalign
0010cc38 0000015c T _memalign_r
0010cd94 00000018 T malloc
0010cdac 00000018 T free
0010cdc4 000007a8 T _malloc_r
0010d56c 000000f0 T memcpy
0010d65c 000000f4 T memset
0010d750 0000000c T __malloc_lock
0010d75c 0000000c T __malloc_unlock
0010d768 00000038 T printf
0010d7a0 000000ec T _puts_r
0010d88c 00000018 T puts
0010d8a4 0000001c t lflush
0010d8c0 000001d8 T __srefill_r
0010da98 000001fc T setvbuf
0010dc94 00000074 T sscanf
0010dd08 00000030 T __sread
0010dd38 00000008 T __seofread
0010dd40 00000054 T __swrite
0010dd94 0000002c T __sseek
0010ddc0 00000008 T __sclose
0010ddc8 0000015c T strchr
0010df24 000000f0 T strcpy
0010e014 0000005c T strlen
0010e070 000000a4 T strncat
0010e114 0000011c T strncmp
0010e230 000000e0 T strncpy
0010e310 00002c20 T __ssvfscanf_r
00110f30 0000161c t get_arg
0011254c 000000a4 t __sprint_r.part.0
001125f0 0000001c T __sprint_r
0011260c 00003464 T _vfiprintf_r
00115a70 000000cc t __sbprintf
00115b3c 0000161c t get_arg
00117158 00004878 T _vfprintf_r
0011b9d0 000000cc t __sbprintf
0011ba9c 0000008c T _wcrtomb_r
0011bb28 00000020 T _wcsrtombs_r
0011bb48 00000114 T __utf8_wctomb
0011bc5c 00000148 T __swsetup_r
0011bda4 000001bc t quorem
0011bf60 000012c8 T _dtoa_r
0011d228 000000b0 T __sflags
0011d2d8 00000124 T __fputwc
0011d3fc 000000a8 T _fputwc_r
0011d4a4 000004a4 T __sfvwrite_r
0011d948 00000074 T iswspace
0011d9bc 00000204 t __jp2uc
0011dbc0 00000084 T _jp2uc
0011dc44 0000000c T __locale_charset
0011dc50 00000010 T __locale_mb_cur_max
0011dc60 0000000c T _localeconv_r
0011dc6c 00000098 T _mbrtowc_r
0011dd04 000002fc T __utf8_mbtowc
0011e000 00000100 T memchr
0011e100 00000128 T memmove
0011e228 0000008c T _Balloc
0011e2b4 0000001c T _Bfree
0011e2d0 000000d0 T __multadd
0011e3a0 000000e4 T __s2b
0011e484 0000005c T __hi0bits
0011e4e0 00000098 T __lo0bits
0011e578 00000020 T __i2b
0011e598 000001dc T __multiply
0011e774 00000100 T __pow5mult
0011e874 000000f0 T __lshift
0011e964 00000064 T __mcmp
0011e9c8 00000198 T __mdiff
0011eb60 00000078 T __ulp
0011ebd8 000000d4 T __b2d
0011ecac 00000104 T __d2b
0011edb0 00000078 T __ratio
0011ee28 0000006c T __copybits
0011ee94 00000080 T __any_on
0011ef14 000004c0 T _realloc_r
0011f3d4 000000d0 T __sccl
0011f4a4 0000000c T nanf
0011f4b0 00000074 T __fpclassifyd
0011f528 00000094 T frexp
0011f5c0 00000068 T sprintf
0011f628 00000108 T stpncpy
0011f730 00000058 t sulp
0011f788 0000144c T _strtod_r
00120bd8 0000025c T _strtoll_r
00120e34 000001d4 T _strtol_r
00121008 00000264 T _strtoull_r
00121270 000001d4 T _strtoul_r
00121444 000001a8 T __ssprint_r
001215ec 000000f8 T _sungetc_r
001216e4 0000006c T __ssrefill_r
00121750 000000c8 T _sfread_r
00121818 0000161c t get_arg
00122e38 000049fc T _svfprintf_r
00127838 000000a8 T __submore
001278e0 00000124 T __swbuf_r
00127a04 00000190 T _wcsnrtombs_r
00127b94 00000090 T _calloc_r
00127c24 000000ec t rshift
00127d10 000007d0 T __gethex
001284e0 00000258 T __hexnan
00128738 0000000c T __errno
00128744 0000005c T strnlen
001287a0 00000044 T strrchr
001287e4 T _fini
00129000 00000068 r dotab_3dmoo
00129068 00000068 r dotab_stdout
001290d0 00000068 r dotab_null
00129138 00000030 r colorTable
00129168 00000014 r CSWTCH.21
0012917c 00000008 r framebufferInfoSt
00129184 0000000c r __apt_servicenames
00129190 R default_font_bin
00129990 R default_font_bin_end
00129990 R default_font_bin_size
00129994 00000030 r error_table
001299c4 00000068 R dotab_stdnull
00129a2c 00000003 R DIRECTORY_PARENT
00129a30 00000002 R DIRECTORY_THIS
00129a34 00000002 R DIRECTORY_SEPARATOR
00129d24 00000004 R _global_impure_ptr
00129d28 00000022 r basefix.7044
00129d54 00000010 r blanks.7115
00129d94 00000010 r zeroes.7116
00129da4 00000010 r zeroes.7138
00129dc4 r .LC2
00129dc8 00000010 r blanks.7137
00129dd8 00000101 R _ctype_
00129eec 000000bc r a1
00129fa8 000000bc r a2
0012a064 0000005b r a3
0012a0c0 00000070 r a6
0012a130 000000a2 r a7
0012a1d4 00000040 r a8
0012a228 0000172a r b02cf
0012b954 00001a7c r d02f4
0012d4e0 000000c8 R __mprec_tens
0012d5a8 0000000c r p05.5412
0012d5b8 00000028 R __mprec_bigtens
0012d5e0 00000014 r fpinan.5417
0012d604 00000014 r fpi.5381
0012d618 00000028 r tinytens
0012d640 0000006c R __state_table
0012d6ac 00000100 R __chclass
0012d7ac 0000006c R __action_table
0012d818 00000010 r blanks.7122
0012d828 00000010 r zeroes.7123
0012d838 00000100 R __hexdig
0012d940 r __EH_FRAME_BEGIN__
0012d940 R __exidx_end
0012d940 R __exidx_start
0012e000 0000004c D defaultConsole
0012e04c 00000004 D currentConsole
0012e050 00000001 d firstConsoleInit.6489
0012e054 00000001 d topFormat
0012e055 00000001 d botFormat
0012e058 00000008 d doubleBuf
0012e060 W __stacksize__
0012e068 00000401 d __cwd
0012e470 00000018 d sdmcArchive
0012e488 00000068 d sdmc_devoptab
0012e4f0 00000004 d defaultDevice
0012e4f4 00000040 D devoptab_list
0012e534 00001000 d _current_working_directory
0012f534 0000000c d __stdin_handle
0012f540 0000000c d __stdout_handle
0012f54c 0000000c d __stderr_handle
0012f558 00000004 d __hndl_lock
0012f55c 00001000 d handles
0013055c 0000000c d __sfp_lock
00130568 0000000c d __sinit_lock
00130578 00000440 d impure_data
001309b8 00000004 D _impure_ptr
001309bc 00000408 D __malloc_av_
00130dc4 00000004 D __malloc_trim_threshold
00130dc8 00000004 D __malloc_sbrk_base
00130dcc 0000000c d __malloc_lock_object
00130dd8 00000004 D __wctomb
00130ddc 00000004 D __ctype_ptr__
00130de0 00000038 d lconv
00130e18 00000020 d lc_ctype_charset
00130e38 00000004 D __mb_cur_max
00130e3c 00000004 D __mbtowc
00130e40 t __frame_dummy_init_array_entry
00130e40 T __init_array_start
00130e40 d __JCR_LIST__
00130e40 B __preinit_array_end
00130e40 B __preinit_array_start
00130e40 D __tdata_lma
00130e40 D __tdata_lma_end
00130e40 D __TMC_END__
00130e40 d __TMC_LIST__
00130e44 t __do_global_dtors_aux_fini_array_entry
00130e44 T __fini_array_start
00130e44 T __init_array_end
00130e48 T __bss_start__
00130e48 T __fini_array_end
00130e48 b completed.6505
00130e4c b object.6510
00130e64 00000001 b enable3d
00130e68 00000004 b screenFree
00130e6c 00000002 b currentBuffer
00130e70 00000004 b romFS_offset
00130e74 00000004 b romFS_file
00130e78 00000028 b romFS_header
00130ea0 00000004 b dirHashTable
00130ea4 00000004 b dirTable
00130ea8 00000004 b fileHashTable
00130eac 00000004 b fileTable
00130eb0 00000004 b romFS_cwd
00130eb4 00000001 b romFS_active
00130eb8 00000401 b __component
001312bc 00000802 b __utf16path
00131ac0 00000004 b __apt_servicestr
00131ac4 0000000c b aptFirstHook
00131ad0 00000001 B aptStatus
00131ad4 00000004 b aptRefCount
00131ad8 00000002 b __apt_launchapplet_appID
00131adc 00000020 b __ns_capinfo
00131afc 00000001 B aptStatusBeforeSleep
00131b00 00000004 b __apt_launchapplet_parambuf
00131b04 00000004 b __apt_launchapplet_parambufsize
00131b08 00000004 b __apt_new3dsflag_initialized
00131b0c 00000001 b __apt_new3dsflag
00131b10 00000004 b __apt_launchapplet_inhandle
00131b14 00000004 b fsuRefCount
00131b18 00000004 b fsuHandle
00131b1c 00000004 b gspEvent
00131b20 00000004 b gspEventData
00131b24 00000004 b gspRefCount
00131b28 00000004 b hidRefCount
00131b2c 00000004 b kOld
00131b30 00000004 b kHeld
00131b34 00000004 b cPos
00131b38 00000004 b tPos
00131b3c 00000006 b aVec
00131b44 00000006 b gRate
00131b4c 00000004 b kDown
00131b50 00000004 b kUp
00131b54 00000004 b irrstRefCount
00131b58 00000004 b kHeld
00131b5c 00000004 b csPos
00131b60 b saved_stack
00131b68 00000008 b sLinearPool
00131b70 0000000c b sAddrMap
00131b7c 00000008 b sMappablePool
00131b84 0000000c b sAddrMap
00131b90 00000008 b sVramPool
00131b98 0000000c b sAddrMap
00131ba4 00000001 V __ctru_speedup
00131ba8 00000004 b srvRefCount
00131bac 00000004 b srvHandle
00131bb0 00000004 b arbiter
00131bb4 00000004 b ptmSysmRefCount
00131bb8 00000004 b ptmSysmHandle
00131bbc 00000001 b sdmcInitialised
00131bc0 00000004 b heap_start.5704
00131bc4 00000004 B fake_heap_start
00131bc8 00000004 B fake_heap_end
00131bcc 00001000 b temp_cwd
00132bcc 00000038 B __syscalls
00132c04 00000004 B __malloc_max_total_mem
00132c08 00000004 B __malloc_max_sbrked_mem
00132c0c 00000004 B __malloc_top_pad
00132c10 00000028 B __malloc_current_mallinfo
00132c38 0000004c B currentCopy
00132c84 00000008 B gfxBottomFramebuffers
00132c8c 00000004 B gspSharedMemHandle
00132c90 0000001c B bottomFramebufferInfo
00132cac 00000004 B gspEvent
00132cb0 00000008 B gfxTopLeftFramebuffers
00132cb8 00000008 B gfxTopRightFramebuffers
00132cc0 0000001c B topFramebufferInfo
00132cdc 00000001 B gfxThreadID
00132ce0 00000004 B gfxSharedMemory
00132ce4 00000004 B gxCmdBuf
00132ce8 00000004 B aptEventHandlerThread
00132cec 00000004 B aptSleepSync
00132cf0 00001000 B aptParameters
00133cf0 00000004 B aptuHandle
00133cf4 0000000c B aptEvents
00133d00 00000004 B aptStatusEvent
00133d04 00000004 B aptStatusPower
00133d08 00000004 B aptStatusMutex
00133d0c 00000004 B aptLockHandle
00133d10 00000002 B currentAppId
00133d14 00000007 B gspEventCbOneShot
00133d1c 0000001c B gspEventCb
00133d38 00000004 B gspGpuHandle
00133d3c 00000004 B gspEventThread
00133d40 0000001c B gspEventCounts
00133d5c 0000001c B gspEvents
00133d78 00000001 B gspRunEvents
00133d7c 0000001c B gspEventCbData
00133d98 00000004 B hidMemHandle
00133d9c 00000004 B hidHandle
00133da0 00000004 B hidSharedMem
00133da4 00000014 B hidEvents
00133db8 00000004 B irrstHandle
00133dbc 00000004 B irrstEvent
00133dc0 00000004 B irrstMemHandle
00133dc4 00000004 B irrstSharedMem
00133dc8 00000004 B __system_argv
00133dcc 00000004 B __system_argc
00133dd0 00000004 B __system_retAddr
00133dd4 00000004 B __ctru_heap_size
00133dd8 00000004 B __ctru_linear_heap
00133ddc 00000004 B __ctru_heap
00133de0 00000004 B __ctru_linear_heap_size
00133de4 B __tls_start
001371f0 B __bss_end__
001371f0 A __end__
001371f0 B __tls_end
